<?xml version="1.0" encoding="UTF-8"?>
<testng-results ignored="0" total="1" passed="1" failed="0" skipped="0">
  <reporter-output>
  </reporter-output>
  <suite started-at="2024-11-11T14:52:15 GMT" name="Surefire suite" finished-at="2024-11-11T14:52:55 GMT" duration-ms="40481">
    <groups>
      <group name="cucumber">
        <method signature="AbstractTestNGCucumberTests.runScenario(io.cucumber.testng.PickleWrapper, io.cucumber.testng.FeatureWrapper)[pri:0, instance:io.carcheck.TestRunner@5c90e579]" name="runScenario" class="io.cucumber.testng.AbstractTestNGCucumberTests"/>
      </group> <!-- cucumber -->
    </groups>
    <test started-at="2024-11-11T14:52:15 GMT" name="Surefire test" finished-at="2024-11-11T14:52:55 GMT" duration-ms="40481">
      <class name="io.carcheck.TestRunner">
        <test-method is-config="true" signature="setUpClass()[pri:0, instance:io.carcheck.TestRunner@5c90e579]" started-at="2024-11-11T14:52:15 GMT" name="setUpClass" finished-at="2024-11-11T14:52:15 GMT" duration-ms="487" status="PASS">
          <reporter-output>
          </reporter-output>
        </test-method> <!-- setUpClass -->
        <test-method signature="runScenario(io.cucumber.testng.PickleWrapper, io.cucumber.testng.FeatureWrapper)[pri:0, instance:io.carcheck.TestRunner@5c90e579]" started-at="2024-11-11T14:52:15 GMT" name="runScenario" description="Runs Cucumber Scenarios" data-provider="scenarios" finished-at="2024-11-11T14:52:55 GMT" duration-ms="39951" status="PASS">
          <params>
            <param index="0">
              <value>
                <![CDATA["Validate the car registrations with input and output files"]]>
              </value>
            </param>
            <param index="1">
              <value>
                <![CDATA["Verifying the vehicle registration"]]>
              </value>
            </param>
          </params>
          <reporter-output>
          </reporter-output>
        </test-method> <!-- runScenario -->
        <test-method is-config="true" signature="tearDownClass()[pri:0, instance:io.carcheck.TestRunner@5c90e579]" started-at="2024-11-11T14:52:55 GMT" name="tearDownClass" finished-at="2024-11-11T14:52:55 GMT" duration-ms="2" status="PASS">
          <reporter-output>
          </reporter-output>
        </test-method> <!-- tearDownClass -->
      </class> <!-- io.carcheck.TestRunner -->
    </test> <!-- Surefire test -->
  </suite> <!-- Surefire suite -->
</testng-results>
